04e7349a-aaf0-4d19-a474-957b75bd1abd  2:08:01 PM: debug Turning Outlet off
04e7349a-aaf0-4d19-a474-957b75bd1abd  2:08:01 PM: debug Turning Outlet on
04e7349a-aaf0-4d19-a474-957b75bd1abd  2:08:01 PM: debug Turning Virtual Switch off
04e7349a-aaf0-4d19-a474-957b75bd1abd  2:08:01 PM: debug Turning Virtual Switch on
04e7349a-aaf0-4d19-a474-957b75bd1abd  2:08:01 PM: debug Turning Table Light on

04e7349a-aaf0-4d19-a474-957b75bd1abd  2:07:02 PM: debug Turning Virtual Switch off
04e7349a-aaf0-4d19-a474-957b75bd1abd  2:07:02 PM: debug Turning Virtual Switch on
04e7349a-aaf0-4d19-a474-957b75bd1abd  2:07:02 PM: debug Turning Outlet off
04e7349a-aaf0-4d19-a474-957b75bd1abd  2:07:01 PM: debug Turning Table Light on

04e7349a-aaf0-4d19-a474-957b75bd1abd  2:06:01 PM: debug Turning Table Light on
04e7349a-aaf0-4d19-a474-957b75bd1abd  2:06:01 PM: debug Turning Virtual Switch on
04e7349a-aaf0-4d19-a474-957b75bd1abd  2:06:01 PM: debug Turning Outlet off
04e7349a-aaf0-4d19-a474-957b75bd1abd  2:06:01 PM: debug Turning Outlet on

04e7349a-aaf0-4d19-a474-957b75bd1abd  2:05:06 PM: debug Turning Outlet off
04e7349a-aaf0-4d19-a474-957b75bd1abd  2:05:04 PM: debug Turning Outlet on
04e7349a-aaf0-4d19-a474-957b75bd1abd  2:05:01 PM: debug Turning Table Light on

04e7349a-aaf0-4d19-a474-957b75bd1abd  2:04:01 PM: debug Turning Virtual Switch on
04e7349a-aaf0-4d19-a474-957b75bd1abd  2:04:01 PM: debug Turning Virtual Switch off
04e7349a-aaf0-4d19-a474-957b75bd1abd  2:04:01 PM: debug Turning Virtual Switch on
04e7349a-aaf0-4d19-a474-957b75bd1abd  2:04:01 PM: debug Turning Outlet on
04e7349a-aaf0-4d19-a474-957b75bd1abd  2:04:01 PM: debug Turning Table Light on

04e7349a-aaf0-4d19-a474-957b75bd1abd  2:03:01 PM: debug Turning Outlet on
04e7349a-aaf0-4d19-a474-957b75bd1abd  2:03:01 PM: debug Turning Table Light on
04e7349a-aaf0-4d19-a474-957b75bd1abd  2:03:01 PM: debug Turning Outlet off

04e7349a-aaf0-4d19-a474-957b75bd1abd  2:02:02 PM: debug Turning Virtual Switch off
04e7349a-aaf0-4d19-a474-957b75bd1abd  2:02:01 PM: debug Turning Outlet on
04e7349a-aaf0-4d19-a474-957b75bd1abd  2:02:01 PM: debug Turning Outlet on
04e7349a-aaf0-4d19-a474-957b75bd1abd  2:02:01 PM: debug Turning Table Light on
04e7349a-aaf0-4d19-a474-957b75bd1abd  2:02:01 PM: debug Turning Table Light on

04e7349a-aaf0-4d19-a474-957b75bd1abd  2:01:01 PM: debug Turning Table Light on
04e7349a-aaf0-4d19-a474-957b75bd1abd  2:01:01 PM: debug Turning Virtual Switch off
04e7349a-aaf0-4d19-a474-957b75bd1abd  2:01:01 PM: debug Turning Outlet off
04e7349a-aaf0-4d19-a474-957b75bd1abd  2:01:01 PM: debug Turning Outlet on
04e7349a-aaf0-4d19-a474-957b75bd1abd  2:01:01 PM: debug Turning Virtual Switch off

04e7349a-aaf0-4d19-a474-957b75bd1abd  2:00:17 PM: debug Turning Table Light on
04e7349a-aaf0-4d19-a474-957b75bd1abd  2:00:14 PM: debug Turning Outlet off
04e7349a-aaf0-4d19-a474-957b75bd1abd  2:00:14 PM: debug Turning Outlet on
04e7349a-aaf0-4d19-a474-957b75bd1abd  2:00:13 PM: debug Turning Virtual Switch off
04e7349a-aaf0-4d19-a474-957b75bd1abd  2:00:13 PM: debug Turning Virtual Switch on

04e7349a-aaf0-4d19-a474-957b75bd1abd  1:59:01 PM: debug Turning Virtual Switch off
04e7349a-aaf0-4d19-a474-957b75bd1abd  1:59:01 PM: debug Turning Outlet off
04e7349a-aaf0-4d19-a474-957b75bd1abd  1:59:01 PM: debug Turning Virtual Switch off
04e7349a-aaf0-4d19-a474-957b75bd1abd  1:59:01 PM: debug Turning Virtual Switch on

04e7349a-aaf0-4d19-a474-957b75bd1abd  1:58:01 PM: debug Turning Outlet off
04e7349a-aaf0-4d19-a474-957b75bd1abd  1:58:01 PM: debug Turning Outlet on
04e7349a-aaf0-4d19-a474-957b75bd1abd  1:58:01 PM: debug Turning Virtual Switch off
04e7349a-aaf0-4d19-a474-957b75bd1abd  1:58:01 PM: debug Turning Table Light on
04e7349a-aaf0-4d19-a474-957b75bd1abd  1:58:01 PM: debug Turning Virtual Switch on

04e7349a-aaf0-4d19-a474-957b75bd1abd  1:57:01 PM: debug Turning Outlet on
04e7349a-aaf0-4d19-a474-957b75bd1abd  1:57:01 PM: debug Turning Outlet off
04e7349a-aaf0-4d19-a474-957b75bd1abd  1:57:01 PM: debug Turning Outlet on
04e7349a-aaf0-4d19-a474-957b75bd1abd  1:57:01 PM: debug Turning Virtual Switch on
04e7349a-aaf0-4d19-a474-957b75bd1abd  1:57:01 PM: debug Turning Virtual Switch off
04e7349a-aaf0-4d19-a474-957b75bd1abd  1:57:01 PM: debug Turning Table Light on

04e7349a-aaf0-4d19-a474-957b75bd1abd  1:56:01 PM: debug Turning Table Light on
04e7349a-aaf0-4d19-a474-957b75bd1abd  1:56:01 PM: debug Turning Table Light on
04e7349a-aaf0-4d19-a474-957b75bd1abd  1:56:01 PM: debug Turning Outlet off
04e7349a-aaf0-4d19-a474-957b75bd1abd  1:56:01 PM: debug Turning Outlet off
04e7349a-aaf0-4d19-a474-957b75bd1abd  1:56:01 PM: debug Turning Virtual Switch off
04e7349a-aaf0-4d19-a474-957b75bd1abd  1:56:01 PM: debug Turning Virtual Switch on
04e7349a-aaf0-4d19-a474-957b75bd1abd  1:56:01 PM: debug Turning Virtual Switch on

04e7349a-aaf0-4d19-a474-957b75bd1abd  1:55:04 PM: debug Turning Virtual Switch off
04e7349a-aaf0-4d19-a474-957b75bd1abd  1:55:04 PM: debug Turning Outlet off
04e7349a-aaf0-4d19-a474-957b75bd1abd  1:55:04 PM: debug Turning Virtual Switch on
04e7349a-aaf0-4d19-a474-957b75bd1abd  1:55:04 PM: debug Turning Outlet on

04e7349a-aaf0-4d19-a474-957b75bd1abd  1:54:01 PM: debug Turning Outlet on
04e7349a-aaf0-4d19-a474-957b75bd1abd  1:54:01 PM: debug Turning Virtual Switch on
04e7349a-aaf0-4d19-a474-957b75bd1abd  1:53:01 PM: debug Turning Table Light on
04e7349a-aaf0-4d19-a474-957b75bd1abd  1:52:01 PM: debug Turning Outlet off
04e7349a-aaf0-4d19-a474-957b75bd1abd  1:52:01 PM: debug Turning Virtual Switch on
04e7349a-aaf0-4d19-a474-957b75bd1abd  1:52:01 PM: debug Turning Outlet off
04e7349a-aaf0-4d19-a474-957b75bd1abd  1:52:01 PM: debug Turning Outlet on
04e7349a-aaf0-4d19-a474-957b75bd1abd  1:51:01 PM: debug Turning Virtual Switch off
04e7349a-aaf0-4d19-a474-957b75bd1abd  1:51:01 PM: debug Turning Outlet off
04e7349a-aaf0-4d19-a474-957b75bd1abd  1:50:05 PM: debug Turning Virtual Switch off
04e7349a-aaf0-4d19-a474-957b75bd1abd  1:50:05 PM: debug Turning Virtual Switch on
04e7349a-aaf0-4d19-a474-957b75bd1abd  1:50:02 PM: debug Turning Table Light on
04e7349a-aaf0-4d19-a474-957b75bd1abd  1:49:01 PM: debug Turning Table Light on
04e7349a-aaf0-4d19-a474-957b75bd1abd  1:49:01 PM: debug Turning Table Light on
04e7349a-aaf0-4d19-a474-957b75bd1abd  1:49:01 PM: debug Turning Virtual Switch on
04e7349a-aaf0-4d19-a474-957b75bd1abd  1:49:01 PM: debug Turning Virtual Switch off
04e7349a-aaf0-4d19-a474-957b75bd1abd  1:49:01 PM: debug Turning Outlet off
04e7349a-aaf0-4d19-a474-957b75bd1abd  1:49:01 PM: debug Turning Virtual Switch on
04e7349a-aaf0-4d19-a474-957b75bd1abd  1:49:01 PM: debug Turning Outlet off
04e7349a-aaf0-4d19-a474-957b75bd1abd  1:49:01 PM: debug Turning Outlet on
04e7349a-aaf0-4d19-a474-957b75bd1abd  1:48:01 PM: debug Turning Outlet off
04e7349a-aaf0-4d19-a474-957b75bd1abd  1:48:01 PM: debug Turning Outlet on
04e7349a-aaf0-4d19-a474-957b75bd1abd  1:48:01 PM: debug Turning Virtual Switch on
04e7349a-aaf0-4d19-a474-957b75bd1abd  1:48:01 PM: debug Turning Virtual Switch off
04e7349a-aaf0-4d19-a474-957b75bd1abd  1:48:01 PM: debug Turning Table Light on
04e7349a-aaf0-4d19-a474-957b75bd1abd  1:48:01 PM: debug Turning Virtual Switch off
04e7349a-aaf0-4d19-a474-957b75bd1abd  1:47:01 PM: debug Turning Outlet on
04e7349a-aaf0-4d19-a474-957b75bd1abd  1:47:01 PM: debug Turning Outlet off
04e7349a-aaf0-4d19-a474-957b75bd1abd  1:47:01 PM: debug Turning Table Light on
04e7349a-aaf0-4d19-a474-957b75bd1abd  1:47:01 PM: debug Turning Table Light on
04e7349a-aaf0-4d19-a474-957b75bd1abd  1:47:01 PM: debug Turning Virtual Switch off
04e7349a-aaf0-4d19-a474-957b75bd1abd  1:47:01 PM: debug Turning Virtual Switch on
04e7349a-aaf0-4d19-a474-957b75bd1abd  1:46:02 PM: debug Turning Outlet off
04e7349a-aaf0-4d19-a474-957b75bd1abd  1:46:02 PM: debug Turning Outlet on
04e7349a-aaf0-4d19-a474-957b75bd1abd  1:46:01 PM: debug Turning Virtual Switch on
04e7349a-aaf0-4d19-a474-957b75bd1abd  1:46:01 PM: debug Turning Virtual Switch off
04e7349a-aaf0-4d19-a474-957b75bd1abd  1:45:05 PM: debug Turning Table Light on
04e7349a-aaf0-4d19-a474-957b75bd1abd  1:45:02 PM: debug Turning Virtual Switch on
04e7349a-aaf0-4d19-a474-957b75bd1abd  1:45:02 PM: debug Turning Outlet on
04e7349a-aaf0-4d19-a474-957b75bd1abd  1:44:01 PM: debug Turning Table Light on
04e7349a-aaf0-4d19-a474-957b75bd1abd  1:44:01 PM: debug Turning Table Light on
04e7349a-aaf0-4d19-a474-957b75bd1abd  1:44:01 PM: debug Turning Outlet off
04e7349a-aaf0-4d19-a474-957b75bd1abd  1:44:01 PM: debug Turning Virtual Switch on
04e7349a-aaf0-4d19-a474-957b75bd1abd  1:44:01 PM: debug Turning Outlet off
04e7349a-aaf0-4d19-a474-957b75bd1abd  1:43:01 PM: debug Turning Virtual Switch off
04e7349a-aaf0-4d19-a474-957b75bd1abd  1:43:01 PM: debug Turning Outlet on
04e7349a-aaf0-4d19-a474-957b75bd1abd  1:43:01 PM: debug Turning Table Light on
04e7349a-aaf0-4d19-a474-957b75bd1abd  1:42:01 PM: debug Turning Virtual Switch on
04e7349a-aaf0-4d19-a474-957b75bd1abd  1:42:01 PM: debug Turning Virtual Switch on
04e7349a-aaf0-4d19-a474-957b75bd1abd  1:42:01 PM: debug Turning Table Light on
04e7349a-aaf0-4d19-a474-957b75bd1abd  1:41:01 PM: debug Turning Outlet off
04e7349a-aaf0-4d19-a474-957b75bd1abd  1:41:01 PM: debug Turning Outlet on
04e7349a-aaf0-4d19-a474-957b75bd1abd  1:41:01 PM: debug Turning Table Light on
04e7349a-aaf0-4d19-a474-957b75bd1abd  1:41:01 PM: debug Turning Virtual Switch on
04e7349a-aaf0-4d19-a474-957b75bd1abd  1:40:04 PM: debug Turning Outlet off
04e7349a-aaf0-4d19-a474-957b75bd1abd  1:40:04 PM: debug Turning Virtual Switch off
04e7349a-aaf0-4d19-a474-957b75bd1abd  1:40:04 PM: debug Turning Virtual Switch on
04e7349a-aaf0-4d19-a474-957b75bd1abd  1:40:03 PM: debug Turning Table Light on
04e7349a-aaf0-4d19-a474-957b75bd1abd  1:39:01 PM: debug Turning Outlet off
04e7349a-aaf0-4d19-a474-957b75bd1abd  1:39:01 PM: debug Turning Outlet on
04e7349a-aaf0-4d19-a474-957b75bd1abd  1:39:01 PM: debug Turning Table Light on
04e7349a-aaf0-4d19-a474-957b75bd1abd  1:39:01 PM: debug Turning Virtual Switch on
04e7349a-aaf0-4d19-a474-957b75bd1abd  1:39:01 PM: debug Turning Virtual Switch off
04e7349a-aaf0-4d19-a474-957b75bd1abd  1:39:01 PM: debug Turning Virtual Switch off
04e7349a-aaf0-4d19-a474-957b75bd1abd  1:38:01 PM: debug Turning Virtual Switch on
04e7349a-aaf0-4d19-a474-957b75bd1abd  1:38:01 PM: debug Turning Outlet off
04e7349a-aaf0-4d19-a474-957b75bd1abd  1:38:01 PM: debug Turning Table Light on
04e7349a-aaf0-4d19-a474-957b75bd1abd  1:38:01 PM: debug Turning Outlet on
04e7349a-aaf0-4d19-a474-957b75bd1abd  1:38:01 PM: debug Turning Outlet off
04e7349a-aaf0-4d19-a474-957b75bd1abd  1:38:01 PM: debug Turning Table Light on
04e7349a-aaf0-4d19-a474-957b75bd1abd  1:37:01 PM: debug Turning Outlet off
04e7349a-aaf0-4d19-a474-957b75bd1abd  1:37:01 PM: debug Turning Outlet on
04e7349a-aaf0-4d19-a474-957b75bd1abd  1:37:01 PM: debug Turning Outlet on
04e7349a-aaf0-4d19-a474-957b75bd1abd  1:37:01 PM: debug Turning Virtual Switch off
04e7349a-aaf0-4d19-a474-957b75bd1abd  1:37:01 PM: debug Turning Virtual Switch on
04e7349a-aaf0-4d19-a474-957b75bd1abd  1:36:01 PM: debug Turning Table Light on
04e7349a-aaf0-4d19-a474-957b75bd1abd  1:36:01 PM: debug Turning Outlet off
04e7349a-aaf0-4d19-a474-957b75bd1abd  1:36:01 PM: debug Turning Outlet off
04e7349a-aaf0-4d19-a474-957b75bd1abd  1:36:01 PM: debug Turning Outlet on
04e7349a-aaf0-4d19-a474-957b75bd1abd  1:36:01 PM: debug Turning Virtual Switch off
04e7349a-aaf0-4d19-a474-957b75bd1abd  1:36:01 PM: debug Turning Virtual Switch on
04e7349a-aaf0-4d19-a474-957b75bd1abd  1:35:01 PM: debug Turning Outlet on
04e7349a-aaf0-4d19-a474-957b75bd1abd  1:35:01 PM: debug Turning Table Light on
04e7349a-aaf0-4d19-a474-957b75bd1abd  1:35:01 PM: debug Turning Outlet off
04e7349a-aaf0-4d19-a474-957b75bd1abd  1:35:01 PM: debug Turning Outlet off
04e7349a-aaf0-4d19-a474-957b75bd1abd  1:34:01 PM: debug Turning Table Light on
04e7349a-aaf0-4d19-a474-957b75bd1abd  1:34:01 PM: debug Turning Virtual Switch off
04e7349a-aaf0-4d19-a474-957b75bd1abd  1:34:01 PM: debug Turning Outlet off
04e7349a-aaf0-4d19-a474-957b75bd1abd  1:34:01 PM: debug Turning Outlet off
04e7349a-aaf0-4d19-a474-957b75bd1abd  1:34:01 PM: debug Turning Virtual Switch on
04e7349a-aaf0-4d19-a474-957b75bd1abd  1:34:01 PM: debug Turning Virtual Switch off
